('int', -1)
('id', 27)
(';', -1)
('int', -1)
('id', 24)
(';', -1)
('int', -1)
('id', 87)
(';', -1)
('cin>>', -1)
('id', 27)
(';', -1)
('cin>>', -1)
('id', 24)
(';', -1)
('cin>>', -1)
('id', 87)
(';', -1)
('if', -1)
('(', -1)
('id', 27)
('>', -1)
('id', 24)
(')', -1)
('{', -1)
('if', -1)
('(', -1)
('id', 27)
('>', -1)
('id', 87)
(')', -1)
('{', -1)
('cout<<', -1)
('id', 27)
(';', -1)
('}', -1)
('if', -1)
('(', -1)
('id', 27)
('<=', -1)
('id', 87)
(')', -1)
('{', -1)
('cout<<', -1)
('id', 87)
(';', -1)
('}', -1)
('}', -1)
('if', -1)
('(', -1)
('id', 27)
('<=', -1)
('id', 24)
(')', -1)
('{', -1)
('if', -1)
('(', -1)
('id', 24)
('>', -1)
('id', 87)
(')', -1)
('{', -1)
('cout<<', -1)
('id', 24)
(';', -1)
('}', -1)
('if', -1)
('(', -1)
('id', 24)
('<=', -1)
('id', 87)
(')', -1)
('{', -1)
('cout<<', -1)
('id', 87)
(';', -1)
('}', -1)
('}', -1)
